TN:
SF:study-coach.js
FN:5,escapeHtml
FN:15,parseStudyPlan
FN:44,(anonymous_2)
FN:65,renderStudyPlan
FN:69,(anonymous_4)
FN:71,(anonymous_5)
FN:75,(anonymous_6)
FN:116,loadStudyPlan
FN:127,saveStudyPlan
FNF:9
FNH:0
FNDA:0,escapeHtml
FNDA:0,parseStudyPlan
FNDA:0,(anonymous_2)
FNDA:0,renderStudyPlan
FNDA:0,(anonymous_4)
FNDA:0,(anonymous_5)
FNDA:0,(anonymous_6)
FNDA:0,loadStudyPlan
FNDA:0,saveStudyPlan
DA:3,0
DA:6,0
DA:7,0
DA:16,0
DA:17,0
DA:21,0
DA:22,0
DA:24,0
DA:30,0
DA:31,0
DA:33,0
DA:34,0
DA:36,0
DA:37,0
DA:39,0
DA:40,0
DA:44,0
DA:45,0
DA:46,0
DA:47,0
DA:48,0
DA:49,0
DA:51,0
DA:52,0
DA:54,0
DA:55,0
DA:57,0
DA:58,0
DA:62,0
DA:66,0
DA:68,0
DA:70,0
DA:71,0
DA:74,0
DA:76,0
DA:79,0
DA:83,0
DA:87,0
DA:105,0
DA:117,0
DA:118,0
DA:119,0
DA:120,0
DA:121,0
DA:128,0
LF:45
LH:0
BRDA:6,0,0,0
BRDA:6,0,1,0
BRDA:16,1,0,0
BRDA:16,1,1,0
BRDA:16,2,0,0
BRDA:16,2,1,0
BRDA:16,2,2,0
BRDA:30,3,0,0
BRDA:30,3,1,0
BRDA:30,4,0,0
BRDA:30,4,1,0
BRDA:30,4,2,0
BRDA:33,5,0,0
BRDA:33,5,1,0
BRDA:33,6,0,0
BRDA:33,6,1,0
BRDA:36,7,0,0
BRDA:36,7,1,0
BRDA:39,8,0,0
BRDA:39,8,1,0
BRDA:46,9,0,0
BRDA:46,9,1,0
BRDA:48,10,0,0
BRDA:48,10,1,0
BRDA:48,11,0,0
BRDA:48,11,1,0
BRDA:51,12,0,0
BRDA:51,12,1,0
BRDA:51,13,0,0
BRDA:51,13,1,0
BRDA:54,14,0,0
BRDA:54,14,1,0
BRDA:54,15,0,0
BRDA:54,15,1,0
BRDA:57,16,0,0
BRDA:57,16,1,0
BRDA:66,17,0,0
BRDA:66,17,1,0
BRDA:74,18,0,0
BRDA:74,18,1,0
BRDA:76,19,0,0
BRDA:76,19,1,0
BRDA:76,20,0,0
BRDA:76,20,1,0
BRDA:83,21,0,0
BRDA:83,21,1,0
BRDA:98,22,0,0
BRDA:98,22,1,0
BRDA:108,23,0,0
BRDA:108,23,1,0
BRDA:119,24,0,0
BRDA:119,24,1,0
BRF:52
BRH:0
end_of_record
TN:
SF:tasks.js
FN:7,loadTasks
FN:17,saveTasks
FN:21,addTask
FN:39,toggleTask
FN:41,(anonymous_4)
FN:48,deleteTask
FN:50,(anonymous_6)
FN:55,setFilter
FN:62,getFilter
FN:66,getFilteredTasks
FN:68,(anonymous_10)
FN:69,(anonymous_11)
FN:73,getStats
FN:75,(anonymous_13)
FN:79,clearCompleted
FN:81,(anonymous_15)
FNF:16
FNH:15
FNDA:61,loadTasks
FNDA:40,saveTasks
FNDA:28,addTask
FNDA:10,toggleTask
FNDA:18,(anonymous_4)
FNDA:2,deleteTask
FNDA:3,(anonymous_6)
FNDA:8,setFilter
FNDA:0,getFilter
FNDA:3,getFilteredTasks
FNDA:2,(anonymous_10)
FNDA:2,(anonymous_11)
FNDA:2,getStats
FNDA:3,(anonymous_13)
FNDA:2,clearCompleted
FNDA:4,(anonymous_15)
DA:3,1
DA:5,1
DA:8,61
DA:9,61
DA:10,61
DA:12,1
DA:13,1
DA:18,40
DA:22,28
DA:23,28
DA:24,26
DA:25,26
DA:27,25
DA:28,25
DA:34,25
DA:35,25
DA:36,25
DA:40,10
DA:41,10
DA:42,18
DA:44,10
DA:45,10
DA:49,2
DA:50,3
DA:51,2
DA:52,2
DA:56,8
DA:57,1
DA:59,7
DA:63,0
DA:67,3
DA:68,3
DA:69,2
DA:70,1
DA:74,2
DA:75,3
DA:76,2
DA:80,2
DA:81,4
DA:82,2
DA:83,2
LF:41
LH:40
BRDA:10,0,0,44
BRDA:10,0,1,17
BRDA:23,1,0,2
BRDA:23,1,1,26
BRDA:24,2,0,1
BRDA:24,2,1,25
BRDA:42,3,0,10
BRDA:42,3,1,8
BRDA:56,4,0,1
BRDA:56,4,1,7
BRDA:68,5,0,1
BRDA:68,5,1,2
BRDA:69,6,0,1
BRDA:69,6,1,1
BRF:14
BRH:14
end_of_record
